Using pre-set license
Built from '2020.3/release' branch; Version is '2020.3.12f1 (b3b2c6512326) revision 11776710'; Using compiler version '192528614'; Build Type 'Release'
OS: 'Windows 10 Pro; OS build 19042.1348; Version 2009; 64bit' Language: 'en' Physical Memory: 32712 MB
BatchMode: 1, IsHumanControllingUs: 0, StartBugReporterOnCrash: 0, Is64bit: 1, IsPro: 0

 COMMAND LINE ARGUMENTS:
C:\Program Files\Unity\Hub\Editor\2020.3.12f1\Editor\Unity.exe
-adb2
-batchMode
-noUpm
-name
AssetImportWorker0
-projectPath
E:/!Github/MISC/Hungry Billy Game Jam/Hungry-Billy-Game-Jam--Stealing
-logFile
Logs/AssetImportWorker0.log
-srvPort
54922
Successfully changed project path to: E:/!Github/MISC/Hungry Billy Game Jam/Hungry-Billy-Game-Jam--Stealing
E:/!Github/MISC/Hungry Billy Game Jam/Hungry-Billy-Game-Jam--Stealing
Using Asset Import Pipeline V2.
Refreshing native plugins compatible for Editor in 28.45 ms, found 3 plugins.
Preloading 0 native plugins for Editor in 0.00 ms.
Initialize engine version: 2020.3.12f1 (b3b2c6512326)
[Subsystems] Discovering subsystems at path C:/Program Files/Unity/Hub/Editor/2020.3.12f1/Editor/Data/Resources/UnitySubsystems
[Subsystems] Discovering subsystems at path E:/!Github/MISC/Hungry Billy Game Jam/Hungry-Billy-Game-Jam--Stealing/Assets
GfxDevice: creating device client; threaded=0
Direct3D:
    Version:  Direct3D 11.0 [level 11.1]
    Renderer: NVIDIA GeForce RTX 2080 (ID=0x1e87)
    Vendor:   
    VRAM:     8010 MB
    Driver:   30.0.14.9613
Initialize mono
Mono path[0] = 'C:/Program Files/Unity/Hub/Editor/2020.3.12f1/Editor/Data/Managed'
Mono path[1] = 'C:/Program Files/Unity/Hub/Editor/2020.3.12f1/Editor/Data/MonoBleedingEdge/lib/mono/unityjit'
Mono config path = 'C:/Program Files/Unity/Hub/Editor/2020.3.12f1/Editor/Data/MonoBleedingEdge/etc'
Using monoOptions --debugger-agent=transport=dt_socket,embedding=1,server=y,suspend=n,address=127.0.0.1:56900
Begin MonoManager ReloadAssembly
Registering precompiled unity dll's ...
Register platform support module: C:/Program Files/Unity/Hub/Editor/2020.3.12f1/Editor/Data/PlaybackEngines/WindowsStandaloneSupport/UnityEditor.WindowsStandalone.Extensions.dll
Registered in 0.001654 seconds.
Native extension for WindowsStandalone target not found
Refreshing native plugins compatible for Editor in 28.45 ms, found 3 plugins.
Preloading 0 native plugins for Editor in 0.00 ms.
Mono: successfully reloaded assembly
- Completed reload, in  0.755 seconds
Platform modules already initialized, skipping
Registering precompiled user dll's ...
Registered in 0.002803 seconds.
Begin MonoManager ReloadAssembly
Native extension for WindowsStandalone target not found
Refreshing native plugins compatible for Editor in 28.88 ms, found 3 plugins.
Preloading 0 native plugins for Editor in 0.00 ms.
Mono: successfully reloaded assembly
- Completed reload, in  0.731 seconds
Platform modules already initialized, skipping
========================================================================
Worker process is ready to serve import requests
Launched and connected shader compiler UnityShaderCompiler.exe after 0.04 seconds
Refreshing native plugins compatible for Editor in 0.44 ms, found 3 plugins.
Preloading 0 native plugins for Editor in 0.00 ms.
Unloading 2080 Unused Serialized files (Serialized files now loaded: 0)
System memory in use before: 92.8 MB.
System memory in use after: 92.8 MB.

Unloading 33 unused Assets to reduce memory usage. Loaded Objects now: 2513.
Total: 2.238000 ms (FindLiveObjects: 0.189200 ms CreateObjectMapping: 0.066000 ms MarkObjects: 1.877800 ms  DeleteObjects: 0.104100 ms)

AssetImportParameters requested are different than current active one (requested -> active):
  custom:framework-win-MediaFoundation: 216162199b28c13a410421893ffa2e32 -> 
  custom:video-decoder-ogg-theora: a1e56fd34408186e4bbccfd4996cb3dc -> 
  custom:container-muxer-webm: aa71ff27fc2769a1b78a27578f13a17b -> 
  custom:container-demuxer-webm: 4f35f7cbe854078d1ac9338744f61a02 -> 
  custom:container-demuxer-ogg: 62fdf1f143b41e24485cea50d1cbac27 -> 
  custom:video-encoder-webm-vp8: eb34c28f22e8b96e1ab97ce403110664 -> 
  custom:video-decoder-webm-vp8: 9c59270c3fd7afecdb556c50c9e8de78 -> 
  custom:audio-decoder-ogg-vorbis: bf7c407c2cedff20999df2af8eb42d56 -> 
  custom:audio-encoder-webm-vorbis: bf7c407c2cedff20999df2af8eb42d56 -> 
========================================================================
Received Import Request.
  path: Assets/Scenes
  artifactKey: Guid(6305622891afdbb4295b34a16e343da6) Importer(815301076,1909f56bfc062723c751e8b465ee728b)
Start importing Assets/Scenes using Guid(6305622891afdbb4295b34a16e343da6) Importer(815301076,1909f56bfc062723c751e8b465ee728b)  -> (artifact id: '1613cd19e26b7e6c1f199b653447abe9') in 0.004299 seconds 
  Import took 0.006676 seconds .

========================================================================
Received Import Request.
  Time since last request: 3.207761 seconds.
  path: Assets/Scenes/GAme Jam.unity
  artifactKey: Guid(69c3ae1ef588d4140a42e8b594b4c85e) Importer(815301076,1909f56bfc062723c751e8b465ee728b)
Start importing Assets/Scenes/GAme Jam.unity using Guid(69c3ae1ef588d4140a42e8b594b4c85e) Importer(815301076,1909f56bfc062723c751e8b465ee728b)  -> (artifact id: '66b71c5483c0a2a9d733d00185d9a247') in 0.007574 seconds 
  Import took 0.010504 seconds .

========================================================================
Received Import Request.
  Time since last request: 5.107746 seconds.
  path: Assets/Scenes/New Scene.unity
  artifactKey: Guid(62ebcb26857f7f547b953e20bb5d3a66) Importer(815301076,1909f56bfc062723c751e8b465ee728b)
Start importing Assets/Scenes/New Scene.unity using Guid(62ebcb26857f7f547b953e20bb5d3a66) Importer(815301076,1909f56bfc062723c751e8b465ee728b)  -> (artifact id: 'c67afb938495b6ef8344d385b4cb7d6c') in 0.001847 seconds 
  Import took 0.004862 seconds .

========================================================================
Received Import Request.
  Time since last request: 0.000258 seconds.
  path: Assets/Scenes/New Scene.unity
  artifactKey: Guid(62ebcb26857f7f547b953e20bb5d3a66) Importer(815301076,1909f56bfc062723c751e8b465ee728b)
Start importing Assets/Scenes/New Scene.unity using Guid(62ebcb26857f7f547b953e20bb5d3a66) Importer(815301076,1909f56bfc062723c751e8b465ee728b)  -> (artifact id: 'c67afb938495b6ef8344d385b4cb7d6c') in 0.001720 seconds 
  Import took 0.003862 seconds .

========================================================================
Received Import Request.
  Time since last request: 2.102223 seconds.
  path: Assets/Scenes/SampleScene.unity
  artifactKey: Guid(2cda990e2423bbf4892e6590ba056729) Importer(815301076,1909f56bfc062723c751e8b465ee728b)
Start importing Assets/Scenes/SampleScene.unity using Guid(2cda990e2423bbf4892e6590ba056729) Importer(815301076,1909f56bfc062723c751e8b465ee728b)  -> (artifact id: 'aa27944bdea339c97c39027c7eea529c') in 0.001738 seconds 
  Import took 0.004467 seconds .

========================================================================
Received Import Request.
  Time since last request: 3.011288 seconds.
  path: Assets/Scenes/Game Jame.unity
  artifactKey: Guid(62ebcb26857f7f547b953e20bb5d3a66) Importer(815301076,1909f56bfc062723c751e8b465ee728b)
Start importing Assets/Scenes/Game Jame.unity using Guid(62ebcb26857f7f547b953e20bb5d3a66) Importer(815301076,1909f56bfc062723c751e8b465ee728b)  -> (artifact id: '6f5dc164796c10654e56931e88499625') in 0.001932 seconds 
  Import took 0.004637 seconds .

========================================================================
Received Import Request.
  Time since last request: 818.224577 seconds.
  path: Assets/Art/Spritemap.pdn
  artifactKey: Guid(d2f917caaa34c844bbb55bc41a58f022) Importer(815301076,1909f56bfc062723c751e8b465ee728b)
Start importing Assets/Art/Spritemap.pdn using Guid(d2f917caaa34c844bbb55bc41a58f022) Importer(815301076,1909f56bfc062723c751e8b465ee728b)  -> (artifact id: '8a5304f8acf2146cf59957071685e6e3') in 0.018687 seconds 
  Import took 0.021898 seconds .

========================================================================
Received Import Request.
  Time since last request: 0.594557 seconds.
  path: Assets/Art/Spritemap.png
  artifactKey: Guid(f87b0310ef0a71e4c94b122320cbcdae) Importer(815301076,1909f56bfc062723c751e8b465ee728b)
Start importing Assets/Art/Spritemap.png using Guid(f87b0310ef0a71e4c94b122320cbcdae) Importer(815301076,1909f56bfc062723c751e8b465ee728b)  -> (artifact id: '21f85e84e6655d9472497925d30e08f9') in 0.067194 seconds 
  Import took 0.069926 seconds .

========================================================================
Received Import Request.
  Time since last request: 11.598676 seconds.
  path: Assets/Art/Spritemap.png
  artifactKey: Guid(f87b0310ef0a71e4c94b122320cbcdae) Importer(815301076,1909f56bfc062723c751e8b465ee728b)
Start importing Assets/Art/Spritemap.png using Guid(f87b0310ef0a71e4c94b122320cbcdae) Importer(815301076,1909f56bfc062723c751e8b465ee728b)  -> (artifact id: '5edef299a5a3c5adfea20a740582ab5a') in 0.003866 seconds 
  Import took 0.006569 seconds .

========================================================================
Received Import Request.
  Time since last request: 96.757195 seconds.
  path: Assets/Art/Spritemap.png
  artifactKey: Guid(f87b0310ef0a71e4c94b122320cbcdae) Importer(815301076,1909f56bfc062723c751e8b465ee728b)
Start importing Assets/Art/Spritemap.png using Guid(f87b0310ef0a71e4c94b122320cbcdae) Importer(815301076,1909f56bfc062723c751e8b465ee728b)  -> (artifact id: '6c4b9310662948b36ce1ef8610ff4412') in 0.018103 seconds 
  Import took 0.020746 seconds .

========================================================================
Received Import Request.
  Time since last request: 86.487216 seconds.
  path: Assets/Art/Spritemap.png
  artifactKey: Guid(f87b0310ef0a71e4c94b122320cbcdae) Importer(815301076,1909f56bfc062723c751e8b465ee728b)
Start importing Assets/Art/Spritemap.png using Guid(f87b0310ef0a71e4c94b122320cbcdae) Importer(815301076,1909f56bfc062723c751e8b465ee728b)  -> (artifact id: 'a120f4a2624a60706f267e400732fee3') in 0.018355 seconds 
  Import took 0.021002 seconds .

========================================================================
Received Import Request.
  Time since last request: 168.987624 seconds.
  path: Assets/Art/Spritemap.png
  artifactKey: Guid(f87b0310ef0a71e4c94b122320cbcdae) Importer(815301076,1909f56bfc062723c751e8b465ee728b)
Start importing Assets/Art/Spritemap.png using Guid(f87b0310ef0a71e4c94b122320cbcdae) Importer(815301076,1909f56bfc062723c751e8b465ee728b)  -> (artifact id: '4c2052213ac688d3d50fb1498a6155ec') in 0.019054 seconds 
  Import took 0.022073 seconds .

========================================================================
Received Import Request.
  Time since last request: 8.329875 seconds.
  path: Assets/Art/Spritemap.png
  artifactKey: Guid(f87b0310ef0a71e4c94b122320cbcdae) Importer(815301076,1909f56bfc062723c751e8b465ee728b)
Start importing Assets/Art/Spritemap.png using Guid(f87b0310ef0a71e4c94b122320cbcdae) Importer(815301076,1909f56bfc062723c751e8b465ee728b)  -> (artifact id: 'f2d554c4c53f7c3017bd7bcd7ffd127c') in 0.018916 seconds 
  Import took 0.022315 seconds .

========================================================================
Received Import Request.
  Time since last request: 29.676305 seconds.
  path: Assets/Art/Spritemap.png
  artifactKey: Guid(f87b0310ef0a71e4c94b122320cbcdae) Importer(815301076,1909f56bfc062723c751e8b465ee728b)
Start importing Assets/Art/Spritemap.png using Guid(f87b0310ef0a71e4c94b122320cbcdae) Importer(815301076,1909f56bfc062723c751e8b465ee728b)  -> (artifact id: 'a2f93f48a6014b7b9fc81ef8115c6d1c') in 0.019720 seconds 
  Import took 0.022462 seconds .

========================================================================
Received Prepare
Registering precompiled user dll's ...
Registered in 0.003042 seconds.
Begin MonoManager ReloadAssembly
Native extension for WindowsStandalone target not found
Refreshing native plugins compatible for Editor in 29.67 ms, found 3 plugins.
Preloading 0 native plugins for Editor in 0.00 ms.
Mono: successfully reloaded assembly
- Completed reload, in  0.571 seconds
Platform modules already initialized, skipping
Refreshing native plugins compatible for Editor in 0.44 ms, found 3 plugins.
Preloading 0 native plugins for Editor in 0.00 ms.
Unloading 2371 Unused Serialized files (Serialized files now loaded: 0)
System memory in use before: 105.0 MB.
System memory in use after: 105.0 MB.

Unloading 19 unused Assets to reduce memory usage. Loaded Objects now: 2818.
Total: 1.657500 ms (FindLiveObjects: 0.248400 ms CreateObjectMapping: 0.087100 ms MarkObjects: 1.257500 ms  DeleteObjects: 0.063700 ms)

AssetImportParameters requested are different than current active one (requested -> active):
  custom:framework-win-MediaFoundation: 216162199b28c13a410421893ffa2e32 -> 
  custom:video-decoder-ogg-theora: a1e56fd34408186e4bbccfd4996cb3dc -> 
  custom:container-muxer-webm: aa71ff27fc2769a1b78a27578f13a17b -> 
  custom:container-demuxer-webm: 4f35f7cbe854078d1ac9338744f61a02 -> 
  custom:container-demuxer-ogg: 62fdf1f143b41e24485cea50d1cbac27 -> 
  custom:video-encoder-webm-vp8: eb34c28f22e8b96e1ab97ce403110664 -> 
  custom:video-decoder-webm-vp8: 9c59270c3fd7afecdb556c50c9e8de78 -> 
  custom:audio-decoder-ogg-vorbis: bf7c407c2cedff20999df2af8eb42d56 -> 
  custom:audio-encoder-webm-vorbis: bf7c407c2cedff20999df2af8eb42d56 -> 
AssetImportWorkerClient::OnTransportError - code=2 error=End of file
